2024-08-29T19:57:22.379Z [32minfo[39m: HTTP POST /api/v1/register
2024-08-29T19:57:39.411Z [32minfo[39m: HTTP POST /api/v1/register
2024-08-29T19:58:23.529Z [32minfo[39m: HTTP POST /api/v1/register
2024-08-29T19:58:54.310Z [32minfo[39m: HTTP POST /api/v1/register
2024-08-29T19:59:20.999Z [32minfo[39m: HTTP POST /api/v1/register
2024-08-29T19:59:24.190Z [32minfo[39m: HTTP POST /api/v1/register
2024-08-29T20:01:02.543Z [32minfo[39m: HTTP POST /api/v1/register
2024-08-29T20:01:02.568Z [31merror[39m: Registeration error data is not defined
2024-08-29T20:01:37.950Z [32minfo[39m: HTTP POST /api/v1/register
2024-08-29T20:01:37.977Z [32minfo[39m: User registered with email: undefined
2024-08-29T20:05:05.129Z [32minfo[39m: HTTP POST /api/v1/register
2024-08-29T20:05:05.134Z [31merror[39m: Registeration error Cannot destructure property 'email' of 'req.bdy' as it is undefined.
2024-08-29T20:14:19.499Z [32minfo[39m: HTTP POST /api/v1/login
2024-08-29T20:14:19.518Z [31merror[39m: Login Error at the login service: ceckEmail is not defined
2024-08-29T21:12:18.062Z [31merror[39m: Error: Expected double-quoted property name in JSON at position 62
2024-08-29T21:13:10.056Z [31merror[39m: Error: Expected double-quoted property name in JSON at position 62
2024-08-29T21:14:10.335Z [31merror[39m: Error: Expected double-quoted property name in JSON at position 62
2024-08-29T21:14:49.923Z [31merror[39m: Error: Expected double-quoted property name in JSON at position 63
2024-08-29T21:14:57.071Z [32minfo[39m: HTTP POST /api/v1/register
2024-08-29T21:19:29.930Z [31merror[39m: Expected double-quoted property name in JSON at position 63
2024-08-29T21:24:46.284Z [32minfo[39m: HTTP POST /api/v1/register
2024-08-29T21:24:46.598Z [31merror[39m: Registeration error at the registeration controller: Cannot set headers after they are sent to the client
2024-08-29T21:25:18.265Z [32minfo[39m: HTTP POST /api/v1/register
2024-08-29T21:27:24.828Z [32minfo[39m: HTTP POST /api/v1/register
2024-08-29T21:31:01.915Z [32minfo[39m: HTTP POST /api/v1/register
2024-08-29T21:31:21.723Z [32minfo[39m: HTTP POST /api/v1/register
2024-08-29T21:31:27.674Z [32minfo[39m: HTTP POST /api/v1/register
2024-08-29T21:32:06.878Z [32minfo[39m: HTTP POST /api/v1/register
2024-08-29T21:32:26.015Z [32minfo[39m: HTTP POST /api/v1/register
2024-08-29T21:35:53.296Z [32minfo[39m: HTTP POST /api/v1/register
2024-08-29T21:36:56.635Z [32minfo[39m: HTTP POST /api/v1/register
2024-08-29T21:36:56.641Z [31merror[39m: please provide all details for registeration
2024-08-29T22:04:56.860Z [32minfo[39m: HTTP POST /api/v1/register
2024-08-29T22:05:01.429Z [32minfo[39m: HTTP POST /api/v1/register
2024-08-29T22:06:11.881Z [32minfo[39m: HTTP POST /api/v1/register
2024-08-29T22:06:11.888Z [31merror[39m: universal error: BadreqError: please provide all details for registeration
2024-08-29T22:06:39.846Z [32minfo[39m: HTTP POST /api/v1/register
2024-08-29T22:06:39.853Z [31merror[39m: universal error: 400
2024-08-30T07:21:57.569Z [32minfo[39m: HTTP POST /api/v1/register
2024-08-30T07:21:57.575Z [31merror[39m: Registeration error at the registeration controller: BadreqError is not a constructor
2024-08-30T07:21:57.578Z [31merror[39m: universal error: TypeError: BadreqError is not a constructor
2024-08-30T07:22:37.170Z [32minfo[39m: HTTP POST /api/v1/register
2024-08-30T07:22:37.178Z [31merror[39m: universal error: BadreqError: please provide all details for registeration
2024-08-30T07:22:44.755Z [31merror[39m: universal error: SyntaxError: Expected double-quoted property name in JSON at position 63
2024-08-30T07:22:58.813Z [32minfo[39m: HTTP POST /api/v1/register
2024-08-30T07:22:58.951Z [31merror[39m: Registeration Error at the register service: email already exist
2024-08-30T07:22:58.952Z [31merror[39m: universal error: Error: server error
2024-08-30T07:23:19.827Z [32minfo[39m: HTTP POST /api/v1/register
2024-08-30T07:23:19.962Z [31merror[39m: Registeration Error at the register service: email already exist
2024-08-30T07:23:19.963Z [31merror[39m: universal error: Error: server error
2024-08-30T07:23:24.116Z [32minfo[39m: HTTP POST /api/v1/register
2024-08-30T07:23:24.125Z [31merror[39m: Registeration Error at the register service: email already exist
2024-08-30T07:23:24.126Z [31merror[39m: universal error: Error: server error
2024-08-30T07:27:43.555Z [32minfo[39m: HTTP POST /api/v1/register
2024-08-30T07:27:43.575Z [31merror[39m: Registeration Error at the register service: email already exist
2024-08-30T07:27:43.583Z [31merror[39m: Registeration error at the registeration controller: Invalid status code: undefined
2024-08-30T07:27:43.585Z [31merror[39m: universal error: RangeError [ERR_HTTP_INVALID_STATUS_CODE]: Invalid status code: undefined
2024-08-30T07:33:18.656Z [32minfo[39m: HTTP POST /api/v1/register
2024-08-30T07:34:06.285Z [32minfo[39m: HTTP POST /api/v1/register
2024-08-30T07:34:06.295Z [31merror[39m: universal error: BadreqError: please provide all details for registeration
2024-08-30T07:35:54.383Z [32minfo[39m: HTTP POST /api/v1/register
2024-08-30T07:35:54.503Z [31merror[39m: Registeration Error at the register service: email already exist
2024-08-30T07:35:54.504Z [31merror[39m: universal error: ConflictError: email already exist
2024-08-30T07:40:27.827Z [32minfo[39m: HTTP POST /api/v1/register
2024-08-30T07:40:27.853Z [31merror[39m: Registeration Error at the register service: email already exist
2024-08-30T07:40:27.861Z [31merror[39m: universal error: ConflictError: email already exist
2024-08-30T07:40:48.889Z [32minfo[39m: HTTP POST /api/v1/register
2024-08-30T07:40:48.915Z [31merror[39m: Registeration Error at the register service: ConflictError: email already exist
2024-08-30T07:40:48.937Z [31merror[39m: universal error: ConflictError: email already exist
2024-08-30T07:41:18.393Z [32minfo[39m: HTTP POST /api/v1/register
2024-08-30T07:41:18.414Z [31merror[39m: Registeration Error at the register service: undefined
2024-08-30T07:41:18.416Z [31merror[39m: universal error: ConflictError: email already exist
2024-08-30T07:41:31.343Z [32minfo[39m: HTTP POST /api/v1/register
2024-08-30T07:41:31.365Z [31merror[39m: Registeration Error at the register service: true
2024-08-30T07:41:31.369Z [31merror[39m: universal error: ConflictError: email already exist
2024-08-30T07:44:47.083Z [32minfo[39m: HTTP POST /api/v1/register
2024-08-30T07:44:47.683Z [31merror[39m: Registeration Error at the register service: token is not defined
2024-08-30T07:44:47.685Z [31merror[39m: universal error: Error: server error
2024-08-30T07:58:31.157Z [32minfo[39m: HTTP POST /api/v1/register
2024-08-30T07:58:31.180Z [31merror[39m: universal error: ConflictError: email already exist
2024-08-30T07:58:44.011Z [32minfo[39m: HTTP POST /api/v1/register
2024-08-30T07:58:44.561Z [31merror[39m: Error at the newAccount authrepo: column "role" does not exist
2024-08-30T07:58:44.562Z [31merror[39m: Registeration Error at the register service: Error creating account
2024-08-30T07:58:44.564Z [31merror[39m: universal error: Error: server error
2024-08-30T07:59:26.608Z [32minfo[39m: HTTP POST /api/v1/register
2024-08-30T08:01:33.728Z [32minfo[39m: HTTP POST /api/v1/login
2024-08-30T08:01:33.865Z [31merror[39m: Login Error at the login controller: email does not exist, please create an account first
2024-08-30T08:01:33.868Z [31merror[39m: universal error: NotFoundError: email does not exist, please create an account first
2024-08-30T08:02:50.274Z [32minfo[39m: HTTP POST /api/v1/login
2024-08-30T08:02:50.434Z [31merror[39m: Login Error at the login service: data and hash arguments required
2024-08-30T08:02:50.435Z [31merror[39m: Login Error at the login controller: server error
2024-08-30T08:02:50.436Z [31merror[39m: universal error: Error: server error
2024-08-30T08:04:14.387Z [32minfo[39m: HTTP POST /api/v1/register
2024-08-30T08:04:23.820Z [32minfo[39m: HTTP POST /api/v1/login
2024-08-30T08:04:23.836Z [31merror[39m: Login Error at the login service: data and hash arguments required
2024-08-30T08:04:23.838Z [31merror[39m: Login Error at the login controller: server error
2024-08-30T08:04:23.841Z [31merror[39m: universal error: Error: server error
2024-08-30T08:05:41.527Z [32minfo[39m: HTTP POST /api/v1/register
2024-08-30T08:05:49.897Z [32minfo[39m: HTTP POST /api/v1/login
2024-08-30T08:05:50.378Z [31merror[39m: Login Error at the login controller: password is incorrect
2024-08-30T08:05:50.380Z [31merror[39m: universal error: UnauthorizedError: password is incorrect
2024-08-30T08:23:38.927Z [32minfo[39m: HTTP POST /api/v1/register
2024-08-30T08:23:46.149Z [32minfo[39m: HTTP POST /api/v1/login
2024-08-30T08:23:46.516Z [31merror[39m: universal error: UnauthorizedError: password is incorrect
2024-08-30T08:23:59.228Z [32minfo[39m: HTTP POST /api/v1/login
2024-08-30T08:23:59.678Z [31merror[39m: Login Error at the login Controller: logn is not defined
2024-08-30T08:23:59.680Z [31merror[39m: universal error: ReferenceError: logn is not defined
2024-08-30T11:56:02.689Z [32minfo[39m: HTTP POST /api/v1/login
2024-08-30T11:56:02.697Z [31merror[39m: universal error: BadreqError: please provide all details for registeration
2024-08-30T11:56:12.506Z [32minfo[39m: HTTP POST /api/v1/login
2024-08-30T11:56:12.509Z [31merror[39m: universal error: BadreqError: please provide all details for registeration
2024-08-30T11:57:45.937Z [32minfo[39m: HTTP POST /api/v1/login
2024-08-30T11:57:45.955Z [31merror[39m: universal error: NotFoundError: email does not exist, please create an account first
2024-08-30T11:57:53.955Z [32minfo[39m: HTTP POST /api/v1/register
2024-08-30T11:58:34.336Z [32minfo[39m: HTTP POST /api/v1/register
2024-08-30T12:02:23.030Z [32minfo[39m: HTTP POST /api/v1/register
2024-08-30T12:02:23.044Z [31merror[39m: universal error: TypeError: errors.array.map is not a function
2024-08-30T12:02:41.874Z [32minfo[39m: HTTP POST /api/v1/register
2024-08-30T12:02:42.067Z [31merror[39m: universal error: TypeError: errors.map is not a function
2024-08-30T12:03:05.643Z [32minfo[39m: HTTP POST /api/v1/register
2024-08-30T12:03:05.670Z [31merror[39m: universal error: TypeError: errors.map is not a function
2024-08-30T12:03:42.854Z [32minfo[39m: HTTP POST /api/v1/register
2024-08-30T12:03:42.887Z [31merror[39m: universal error: TypeError: errors.errors is not a function
2024-08-30T12:04:04.505Z [32minfo[39m: HTTP POST /api/v1/register
2024-08-30T12:06:11.885Z [32minfo[39m: HTTP POST /api/v1/register
2024-08-30T12:06:11.905Z [31merror[39m: universal error: BadreqError: Invalid value,Please enter a valid username,Please enter a strong password
2024-08-30T12:44:40.414Z [32minfo[39m: HTTP POST /api/v1/register
2024-08-30T12:44:40.433Z [31merror[39m: universal error: BadreqError: Invalid value,Please enter a valid username,Please enter a strong password
2024-08-30T12:45:01.109Z [32minfo[39m: HTTP POST /api/v1/register
2024-08-30T12:45:01.157Z [31merror[39m: universal error: BadreqError: Please enter a strong password
2024-08-30T12:45:29.573Z [32minfo[39m: HTTP POST /api/v1/register
2024-08-30T12:45:29.578Z [31merror[39m: universal error: BadreqError: Please enter a strong password
2024-08-30T12:45:33.031Z [32minfo[39m: HTTP POST /api/v1/register
2024-08-30T12:45:33.035Z [31merror[39m: universal error: BadreqError: Please enter a strong password
2024-08-30T12:45:41.405Z [32minfo[39m: HTTP POST /api/v1/register
2024-08-30T12:45:41.408Z [31merror[39m: universal error: BadreqError: Please enter a strong password
2024-08-30T12:45:44.206Z [32minfo[39m: HTTP POST /api/v1/register
2024-08-30T12:45:44.210Z [31merror[39m: universal error: BadreqError: Please enter a strong password
2024-08-30T12:45:52.003Z [32minfo[39m: HTTP POST /api/v1/register
2024-08-30T12:45:52.006Z [31merror[39m: universal error: BadreqError: Please enter a strong password
2024-08-30T12:47:16.768Z [32minfo[39m: HTTP POST /api/v1/register
2024-08-30T12:49:44.304Z [32minfo[39m: HTTP POST /api/v1/register
2024-08-30T12:50:20.869Z [32minfo[39m: HTTP GET /verify/eyJhbGciOiJIUzI1NiIsInR5cCI6IkpXVCJ9.eyJpZCI6MiwiaWF0IjoxNzI1MDIyMTg0LCJleHAiOjE3MjUwMjU3ODR9.U0J2JwPP85Pgom3Ybux4hNdEs8O7G3QXY5WT7x25rlw
2024-08-30T12:50:20.877Z [31merror[39m: universal error: TypeError: field.toLowerCase is not a function
2024-08-30T12:51:28.627Z [32minfo[39m: HTTP GET /verify/eyJhbGciOiJIUzI1NiIsInR5cCI6IkpXVCJ9.eyJpZCI6MiwiaWF0IjoxNzI1MDIyMTg0LCJleHAiOjE3MjUwMjU3ODR9.U0J2JwPP85Pgom3Ybux4hNdEs8O7G3QXY5WT7x25rlw
2024-08-30T12:51:28.647Z [31merror[39m: universal error: TypeError: field.toLowerCase is not a function
    at expandField (C:\Users\Ibitola\Documents\arc-creatives\node_modules\express-validator\lib\field-selection.js:20:57)
    at C:\Users\Ibitola\Documents\arc-creatives\node_modules\express-validator\lib\field-selection.js:7:12
    at arrayMap (C:\Users\Ibitola\Documents\arc-creatives\node_modules\lodash\lodash.js:653:23)
    at map (C:\Users\Ibitola\Documents\arc-creatives\node_modules\lodash\lodash.js:9622:14)
    at Function.flatMap (C:\Users\Ibitola\Documents\arc-creatives\node_modules\lodash\lodash.js:9325:26)
    at C:\Users\Ibitola\Documents\arc-creatives\node_modules\express-validator\lib\field-selection.js:6:25
    at arrayMap (C:\Users\Ibitola\Documents\arc-creatives\node_modules\lodash\lodash.js:653:23)
    at map (C:\Users\Ibitola\Documents\arc-creatives\node_modules\lodash\lodash.js:9622:14)
    at Function.flatMap (C:\Users\Ibitola\Documents\arc-creatives\node_modules\lodash\lodash.js:9325:26)
    at C:\Users\Ibitola\Documents\arc-creatives\node_modules\lodash\lodash.js:4430:28
2024-08-30T12:54:24.446Z [32minfo[39m: HTTP GET /verify/eyJhbGciOiJIUzI1NiIsInR5cCI6IkpXVCJ9.eyJpZCI6MiwiaWF0IjoxNzI1MDIyMTg0LCJleHAiOjE3MjUwMjU3ODR9.U0J2JwPP85Pgom3Ybux4hNdEs8O7G3QXY5WT7x25rlw
2024-08-30T12:54:59.557Z [32minfo[39m: HTTP GET /verify/eyJhbGciOiJIUzI1NiIsInR5cCI6IkpXVCJ9.eyJpZCI6MiwiaWjoxNzI1MDIyMTg0LCJleHAiOjE3MjUwMjU3ODR9.U0J2JwPP85Pgom3Ybux4hNdEs8O7G3QXY5WT7x25rlw
2024-08-30T12:58:35.537Z [32minfo[39m: HTTP GET /verify/eyJhbGciOiJIUzI1NiIsInR5cCI6IkpXVCJ9.eyJpZCI6MiwiaWjoxNzI1MDIyMTg0LCJleHAiOjE3MjUwMjU3ODR9.U0J2JwPP85Pgom3Ybux4hNdEs8O7G3QXY5WT7x25rlw
2024-08-30T12:59:16.768Z [32minfo[39m: HTTP GET /verify/eyJhbGciOiJIUzI1NiIsInR5cCI6IkpXVCJ9.eyJpZCI6MiwiaWjoxNzI1MDIyMTg0LCJleHAiOjE3MjUwMjU3ODR9.U0J2JwPP85Pgom3Ybux4hNdEs8O7G3QXY5WT7x25rlw
2024-08-30T12:59:16.789Z [31merror[39m: universal error: UnauthorizedError: link is expired, please request a new link
    at C:\Users\Ibitola\Documents\arc-creatives\src\controllers\auth\verifyMailController.js:15:23
    at module.exports [as verify] (C:\Users\Ibitola\Documents\arc-creatives\node_modules\jsonwebtoken\verify.js:78:12)
    at verifyMailController (C:\Users\Ibitola\Documents\arc-creatives\src\controllers\auth\verifyMailController.js:12:28)
    at Layer.handle [as handle_request] (C:\Users\Ibitola\Documents\arc-creatives\node_modules\express\lib\router\layer.js:95:5)
    at next (C:\Users\Ibitola\Documents\arc-creatives\node_modules\express\lib\router\route.js:149:13)
    at validateRequestBody (C:\Users\Ibitola\Documents\arc-creatives\src\routes\auth\verifyMail.js:19:9)
    at Layer.handle [as handle_request] (C:\Users\Ibitola\Documents\arc-creatives\node_modules\express\lib\router\layer.js:95:5)
    at next (C:\Users\Ibitola\Documents\arc-creatives\node_modules\express\lib\router\route.js:149:13)
    at middleware (C:\Users\Ibitola\Documents\arc-creatives\node_modules\express-validator\lib\middlewares\check.js:16:13)
    at process.processTicksAndRejections (node:internal/process/task_queues:95:5)
2024-08-30T13:00:02.870Z [32minfo[39m: HTTP GET /verify/eyJhbGciOiJIUzI1NiIsInR5cCI6IkpXVCJ9.eyJpZCI6MiwiaWjoxNzI1MDIyMTg0LCJleHAiOjE3MjUwMjU3ODR9.U0J2JwPP85Pgom3Ybux4hNdEs8O7G3QXY5WT7x25rlw
2024-08-30T13:00:02.903Z [31merror[39m: universal error: UnauthorizedError: link is expired, please request a new link
2024-08-30T13:00:06.125Z [32minfo[39m: HTTP GET /verify/eyJhbGciOiJIUzI1NiIsInR5cCI6IkpXVCJ9.eyJpZCI6MiwiaWjoxNzI1MDIyMTg0LCJleHAiOjE3MjUwMjU3ODR9.U0J2JwPP85Pgom3Ybux4hNdEs8O7G3QXY5WT7x25rlw
2024-08-30T13:00:06.131Z [31merror[39m: universal error: UnauthorizedError: link is expired, please request a new link
2024-08-30T13:00:09.141Z [32minfo[39m: HTTP GET /verify/eyJhbGciOiJIUzI1NiIsInR5cCI6IkpXVCJ9.eyJpZCI6MiwiaWjoxNzI1MDIyMTg0LCJleHAiOjE3MjUwMjU3ODR9.U0J2JwPP85Pgom3Ybux4hNdEs8O7G3QXY5WT7x25rlw
2024-08-30T13:00:09.144Z [31merror[39m: universal error: UnauthorizedError: link is expired, please request a new link
2024-08-30T13:02:39.158Z [32minfo[39m: HTTP GET /verify/enoodidi
2024-08-30T13:02:39.168Z [31merror[39m: universal error: ReferenceError: BadreqError is not defined
2024-08-30T13:03:29.930Z [32minfo[39m: HTTP GET /verify/enoodidi
2024-08-30T13:03:29.978Z [31merror[39m: universal error: BadreqError: invalid link, please request a new link to verify
