2024-08-29T20:14:19.518Z [31merror[39m: Login Error at the login service: ceckEmail is not defined
2024-08-29T21:12:18.062Z [31merror[39m: Error: Expected double-quoted property name in JSON at position 62
2024-08-29T21:13:10.056Z [31merror[39m: Error: Expected double-quoted property name in JSON at position 62
2024-08-29T21:14:10.335Z [31merror[39m: Error: Expected double-quoted property name in JSON at position 62
2024-08-29T21:14:49.923Z [31merror[39m: Error: Expected double-quoted property name in JSON at position 63
2024-08-29T21:19:29.930Z [31merror[39m: Expected double-quoted property name in JSON at position 63
2024-08-29T21:24:46.598Z [31merror[39m: Registeration error at the registeration controller: Cannot set headers after they are sent to the client
2024-08-29T21:36:56.641Z [31merror[39m: please provide all details for registeration
2024-08-29T22:06:11.888Z [31merror[39m: universal error: BadreqError: please provide all details for registeration
2024-08-29T22:06:39.853Z [31merror[39m: universal error: 400
2024-08-30T07:21:57.575Z [31merror[39m: Registeration error at the registeration controller: BadreqError is not a constructor
2024-08-30T07:21:57.578Z [31merror[39m: universal error: TypeError: BadreqError is not a constructor
2024-08-30T07:22:37.178Z [31merror[39m: universal error: BadreqError: please provide all details for registeration
2024-08-30T07:22:44.755Z [31merror[39m: universal error: SyntaxError: Expected double-quoted property name in JSON at position 63
2024-08-30T07:22:58.951Z [31merror[39m: Registeration Error at the register service: email already exist
2024-08-30T07:22:58.952Z [31merror[39m: universal error: Error: server error
2024-08-30T07:23:19.962Z [31merror[39m: Registeration Error at the register service: email already exist
2024-08-30T07:23:19.963Z [31merror[39m: universal error: Error: server error
2024-08-30T07:23:24.125Z [31merror[39m: Registeration Error at the register service: email already exist
2024-08-30T07:23:24.126Z [31merror[39m: universal error: Error: server error
2024-08-30T07:27:43.575Z [31merror[39m: Registeration Error at the register service: email already exist
2024-08-30T07:27:43.583Z [31merror[39m: Registeration error at the registeration controller: Invalid status code: undefined
2024-08-30T07:27:43.585Z [31merror[39m: universal error: RangeError [ERR_HTTP_INVALID_STATUS_CODE]: Invalid status code: undefined
2024-08-30T07:34:06.295Z [31merror[39m: universal error: BadreqError: please provide all details for registeration
2024-08-30T07:35:54.503Z [31merror[39m: Registeration Error at the register service: email already exist
2024-08-30T07:35:54.504Z [31merror[39m: universal error: ConflictError: email already exist
2024-08-30T07:40:27.853Z [31merror[39m: Registeration Error at the register service: email already exist
2024-08-30T07:40:27.861Z [31merror[39m: universal error: ConflictError: email already exist
2024-08-30T07:40:48.915Z [31merror[39m: Registeration Error at the register service: ConflictError: email already exist
2024-08-30T07:40:48.937Z [31merror[39m: universal error: ConflictError: email already exist
2024-08-30T07:41:18.414Z [31merror[39m: Registeration Error at the register service: undefined
2024-08-30T07:41:18.416Z [31merror[39m: universal error: ConflictError: email already exist
2024-08-30T07:41:31.365Z [31merror[39m: Registeration Error at the register service: true
2024-08-30T07:41:31.369Z [31merror[39m: universal error: ConflictError: email already exist
2024-08-30T07:44:47.683Z [31merror[39m: Registeration Error at the register service: token is not defined
2024-08-30T07:44:47.685Z [31merror[39m: universal error: Error: server error
2024-08-30T07:58:31.180Z [31merror[39m: universal error: ConflictError: email already exist
2024-08-30T07:58:44.561Z [31merror[39m: Error at the newAccount authrepo: column "role" does not exist
2024-08-30T07:58:44.562Z [31merror[39m: Registeration Error at the register service: Error creating account
2024-08-30T07:58:44.564Z [31merror[39m: universal error: Error: server error
2024-08-30T08:01:33.865Z [31merror[39m: Login Error at the login controller: email does not exist, please create an account first
2024-08-30T08:01:33.868Z [31merror[39m: universal error: NotFoundError: email does not exist, please create an account first
2024-08-30T08:02:50.434Z [31merror[39m: Login Error at the login service: data and hash arguments required
2024-08-30T08:02:50.435Z [31merror[39m: Login Error at the login controller: server error
2024-08-30T08:02:50.436Z [31merror[39m: universal error: Error: server error
2024-08-30T08:04:23.836Z [31merror[39m: Login Error at the login service: data and hash arguments required
2024-08-30T08:04:23.838Z [31merror[39m: Login Error at the login controller: server error
2024-08-30T08:04:23.841Z [31merror[39m: universal error: Error: server error
2024-08-30T08:05:50.378Z [31merror[39m: Login Error at the login controller: password is incorrect
2024-08-30T08:05:50.380Z [31merror[39m: universal error: UnauthorizedError: password is incorrect
2024-08-30T08:23:46.516Z [31merror[39m: universal error: UnauthorizedError: password is incorrect
2024-08-30T08:23:59.678Z [31merror[39m: Login Error at the login Controller: logn is not defined
2024-08-30T08:23:59.680Z [31merror[39m: universal error: ReferenceError: logn is not defined
2024-08-30T11:56:02.697Z [31merror[39m: universal error: BadreqError: please provide all details for registeration
2024-08-30T11:56:12.509Z [31merror[39m: universal error: BadreqError: please provide all details for registeration
2024-08-30T11:57:45.955Z [31merror[39m: universal error: NotFoundError: email does not exist, please create an account first
2024-08-30T12:02:23.044Z [31merror[39m: universal error: TypeError: errors.array.map is not a function
2024-08-30T12:02:42.067Z [31merror[39m: universal error: TypeError: errors.map is not a function
2024-08-30T12:03:05.670Z [31merror[39m: universal error: TypeError: errors.map is not a function
2024-08-30T12:03:42.887Z [31merror[39m: universal error: TypeError: errors.errors is not a function
2024-08-30T12:06:11.905Z [31merror[39m: universal error: BadreqError: Invalid value,Please enter a valid username,Please enter a strong password
2024-08-30T12:44:40.433Z [31merror[39m: universal error: BadreqError: Invalid value,Please enter a valid username,Please enter a strong password
2024-08-30T12:45:01.157Z [31merror[39m: universal error: BadreqError: Please enter a strong password
2024-08-30T12:45:29.578Z [31merror[39m: universal error: BadreqError: Please enter a strong password
2024-08-30T12:45:33.035Z [31merror[39m: universal error: BadreqError: Please enter a strong password
2024-08-30T12:45:41.408Z [31merror[39m: universal error: BadreqError: Please enter a strong password
2024-08-30T12:45:44.210Z [31merror[39m: universal error: BadreqError: Please enter a strong password
2024-08-30T12:45:52.006Z [31merror[39m: universal error: BadreqError: Please enter a strong password
2024-08-30T12:50:20.877Z [31merror[39m: universal error: TypeError: field.toLowerCase is not a function
2024-08-30T12:51:28.647Z [31merror[39m: universal error: TypeError: field.toLowerCase is not a function
    at expandField (C:\Users\Ibitola\Documents\arc-creatives\node_modules\express-validator\lib\field-selection.js:20:57)
    at C:\Users\Ibitola\Documents\arc-creatives\node_modules\express-validator\lib\field-selection.js:7:12
    at arrayMap (C:\Users\Ibitola\Documents\arc-creatives\node_modules\lodash\lodash.js:653:23)
    at map (C:\Users\Ibitola\Documents\arc-creatives\node_modules\lodash\lodash.js:9622:14)
    at Function.flatMap (C:\Users\Ibitola\Documents\arc-creatives\node_modules\lodash\lodash.js:9325:26)
    at C:\Users\Ibitola\Documents\arc-creatives\node_modules\express-validator\lib\field-selection.js:6:25
    at arrayMap (C:\Users\Ibitola\Documents\arc-creatives\node_modules\lodash\lodash.js:653:23)
    at map (C:\Users\Ibitola\Documents\arc-creatives\node_modules\lodash\lodash.js:9622:14)
    at Function.flatMap (C:\Users\Ibitola\Documents\arc-creatives\node_modules\lodash\lodash.js:9325:26)
    at C:\Users\Ibitola\Documents\arc-creatives\node_modules\lodash\lodash.js:4430:28
2024-08-30T12:59:16.789Z [31merror[39m: universal error: UnauthorizedError: link is expired, please request a new link
    at C:\Users\Ibitola\Documents\arc-creatives\src\controllers\auth\verifyMailController.js:15:23
    at module.exports [as verify] (C:\Users\Ibitola\Documents\arc-creatives\node_modules\jsonwebtoken\verify.js:78:12)
    at verifyMailController (C:\Users\Ibitola\Documents\arc-creatives\src\controllers\auth\verifyMailController.js:12:28)
    at Layer.handle [as handle_request] (C:\Users\Ibitola\Documents\arc-creatives\node_modules\express\lib\router\layer.js:95:5)
    at next (C:\Users\Ibitola\Documents\arc-creatives\node_modules\express\lib\router\route.js:149:13)
    at validateRequestBody (C:\Users\Ibitola\Documents\arc-creatives\src\routes\auth\verifyMail.js:19:9)
    at Layer.handle [as handle_request] (C:\Users\Ibitola\Documents\arc-creatives\node_modules\express\lib\router\layer.js:95:5)
    at next (C:\Users\Ibitola\Documents\arc-creatives\node_modules\express\lib\router\route.js:149:13)
    at middleware (C:\Users\Ibitola\Documents\arc-creatives\node_modules\express-validator\lib\middlewares\check.js:16:13)
    at process.processTicksAndRejections (node:internal/process/task_queues:95:5)
2024-08-30T13:00:02.903Z [31merror[39m: universal error: UnauthorizedError: link is expired, please request a new link
2024-08-30T13:00:06.131Z [31merror[39m: universal error: UnauthorizedError: link is expired, please request a new link
2024-08-30T13:00:09.144Z [31merror[39m: universal error: UnauthorizedError: link is expired, please request a new link
2024-08-30T13:02:39.168Z [31merror[39m: universal error: ReferenceError: BadreqError is not defined
2024-08-30T13:03:29.978Z [31merror[39m: universal error: BadreqError: invalid link, please request a new link to verify
2024-08-31T19:22:26.405Z [31merror[39m: universal error: BadreqError: Invalid value
2024-08-31T19:22:41.753Z [31merror[39m: universal error: BadreqError: Invalid value
2024-08-31T19:23:04.464Z [31merror[39m: universal error: BadreqError: Invalid value,Please enter a strong password
2024-08-31T19:24:02.307Z [31merror[39m: universal error: BadreqError: please provide all details for registeration
2024-08-31T19:24:25.946Z [31merror[39m: universal error: BadreqError: please provide all details for registeration
2024-08-31T23:52:31.145Z [31merror[39m: Reset Password Error at the rpassword Controller: Cannot read properties of undefined (reading 'statusCode')
2024-08-31T23:52:31.147Z [31merror[39m: universal error: TypeError: Cannot read properties of undefined (reading 'statusCode')
2024-08-31T23:53:30.745Z [31merror[39m: Reset Password Error at the rpassword Controller: Cannot read properties of undefined (reading 'statusCode')
2024-08-31T23:53:30.747Z [31merror[39m: universal error: TypeError: Cannot read properties of undefined (reading 'statusCode')
2024-08-31T23:54:28.297Z [31merror[39m: Reset Password Error at the rpassword Controller: Cannot read properties of undefined (reading 'statusCode')
2024-08-31T23:54:28.299Z [31merror[39m: universal error: TypeError: Cannot read properties of undefined (reading 'statusCode')
2024-08-31T23:54:32.765Z [31merror[39m: Reset Password Error at the rpassword Controller: Cannot read properties of undefined (reading 'statusCode')
2024-08-31T23:54:32.767Z [31merror[39m: universal error: TypeError: Cannot read properties of undefined (reading 'statusCode')
2024-08-31T23:57:30.588Z [31merror[39m: universal error: NotFoundError: No Account found with that email
2024-08-31T23:57:44.851Z [31merror[39m: universal error: BadreqError: Invalid value,Please enter a valid email
2024-08-31T23:57:56.278Z [31merror[39m: universal error: BadreqError: Invalid value,Please enter a strong password
2024-09-01T08:00:35.696Z [31merror[39m: universal error: NotFoundError: No Account found with that email
2024-09-01T08:01:01.380Z [31merror[39m: Reset Password Error at the rpassword Controller: logger is not defined
2024-09-01T08:01:01.384Z [31merror[39m: universal error: ReferenceError: logger is not defined
2024-09-01T08:03:29.201Z [31merror[39m: universal error: NotFoundError: No Account found with that email
2024-09-01T08:04:02.673Z [31merror[39m: Forgot Password Error at the forgot password Controller: logger is not defined
2024-09-01T08:04:02.675Z [31merror[39m: universal error: ReferenceError: logger is not defined
2024-09-01T08:04:07.661Z [31merror[39m: universal error: NotFoundError: email does not exist, please create an account first
2024-09-01T08:04:12.207Z [31merror[39m: universal error: NotFoundError: email does not exist, please create an account first
2024-09-01T08:04:23.043Z [31merror[39m: universal error: UnauthorizedError: password is incorrect
2024-09-01T08:05:38.112Z [31merror[39m: universal error: ReferenceError: logger is not defined
2024-09-01T08:06:33.938Z [31merror[39m: universal error: NotFoundError: No Account found with that email
    at ResetPasswordService.resetpass (C:\Users\Ibitola\Documents\arc-creatives\services\Auth\forgotPasswordService.js:22:26)
    at process.processTicksAndRejections (node:internal/process/task_queues:95:5)
    at async resetPasswordController (C:\Users\Ibitola\Documents\arc-creatives\src\controllers\auth\forgotPasswordController.js:18:27)
2024-09-01T08:06:47.679Z [31merror[39m: universal error: ReferenceError: logger is not defined
    at ResetPasswordService.resetpass (C:\Users\Ibitola\Documents\arc-creatives\services\Auth\forgotPasswordService.js:49:13)
    at process.processTicksAndRejections (node:internal/process/task_queues:95:5)
    at async resetPasswordController (C:\Users\Ibitola\Documents\arc-creatives\src\controllers\auth\forgotPasswordController.js:18:27)
2024-09-01T08:11:59.107Z [31merror[39m: forgot password service Error at the forgot password service: Error sending Email
2024-09-01T08:11:59.108Z [31merror[39m: Forgot Password Error at the forgot password Controller: server error
2024-09-01T08:16:40.634Z [31merror[39m: forgot password service Error at the forgot password service: Error sending Email
2024-09-01T08:16:40.636Z [31merror[39m: Forgot Password Error at the forgot password Controller: server error
2024-09-01T08:17:59.248Z [31merror[39m: forgot password service Error at the forgot password service: Error sending Email
2024-09-01T08:17:59.251Z [31merror[39m: Forgot Password Error at the forgot password Controller: server error
2024-09-01T09:23:33.624Z [31merror[39m: forgot password service Error at the forgot password service: user_id is not defined
2024-09-01T09:23:33.625Z [31merror[39m: Forgot Password Error at the forgot password Controller: server error
2024-09-01T09:27:04.783Z [31merror[39m: forgot password service Error at the forgot password service: user_id is not defined
2024-09-01T09:27:04.784Z [31merror[39m: Forgot Password Error at the forgot password Controller: server error
2024-09-01T09:28:05.899Z [31merror[39m: forgot password service Error at the forgot password service: error reseting email, please try again later
2024-09-01T09:28:05.901Z [31merror[39m: Forgot Password Error at the forgot password Controller: server error
2024-09-01T10:15:07.860Z [31merror[39m: Forgot Password Error at the forgot password Controller: resetPasswordService.resetpass is not a function
2024-09-01T10:16:49.497Z [31merror[39m: reset password service Error at the reset password service: authRepo.find is not a function
2024-09-01T10:16:49.498Z [31merror[39m: reset Password Error at the reset password Controller: server error
2024-09-01T10:16:51.815Z [31merror[39m: reset password service Error at the reset password service: authRepo.find is not a function
2024-09-01T10:16:51.816Z [31merror[39m: reset Password Error at the reset password Controller: server error
2024-09-01T10:17:59.076Z [31merror[39m: find token method Error at the forgot password repo: column resetpassword.email does not exist
2024-09-01T10:17:59.077Z [31merror[39m: reset password service Error at the forgot password service: error updating password
2024-09-01T10:17:59.078Z [31merror[39m: reset Password Error at the reset password Controller: server error
2024-09-01T10:18:53.576Z [31merror[39m: find token method Error at the forgot password repo: column resetpassword.email does not exist
2024-09-01T10:18:53.577Z [31merror[39m: reset password service Error at the forgot password service: error updating password
2024-09-01T10:18:53.578Z [31merror[39m: reset Password Error at the reset password Controller: server error
2024-09-01T10:35:12.072Z [31merror[39m: reset password service Error at the forgot password service: Cannot read properties of null (reading 'dataValues')
2024-09-01T10:35:12.074Z [31merror[39m: reset Password Error at the reset password Controller: server error
2024-09-01T10:39:52.217Z [31merror[39m: reset password service Error at the forgot password service: Cannot read properties of null (reading 'dataValues')
2024-09-01T10:39:52.222Z [31merror[39m: reset Password Error at the reset password Controller: server error
2024-09-01T10:43:44.459Z [31merror[39m: reset password service Error at the forgot password service: TypeError: Cannot read properties of null (reading 'dataValues')
    at ResetPasswordService.resetPassword (C:\Users\Ibitola\Documents\arc-creatives\services\Auth\forgotPasswordService.js:76:31)
    at process.processTicksAndRejections (node:internal/process/task_queues:95:5)
    at async resetPasswordController (C:\Users\Ibitola\Documents\arc-creatives\src\controllers\auth\resetPasswordController.js:17:27)
2024-09-01T10:43:44.463Z [31merror[39m: reset Password Error at the reset password Controller: server error
